-- The CXX compiler identification is GNU 11.4.0
-- Detecting CXX compiler ABI info
-- Detecting CXX compiler ABI info - done
-- Check for working CXX compiler: /usr/bin/c++ - skipped
-- Detecting CXX compile features
-- Detecting CXX compile features - done
-- ===== 开始配置 =====
-- Found ament_cmake: 1.3.12 (/opt/ros/humble/share/ament_cmake/cmake)
-- Found Python3: /usr/bin/python3 (found version "3.10.12") found components: Interpreter 
-- Override CMake install command with custom implementation using symlinks instead of copying resources
-- Found rclcpp: 16.0.14 (/opt/ros/humble/share/rclcpp/cmake)
-- Found rosidl_generator_c: 3.1.7 (/opt/ros/humble/share/rosidl_generator_c/cmake)
-- Found rosidl_adapter: 3.1.7 (/opt/ros/humble/share/rosidl_adapter/cmake)
-- Found rosidl_generator_cpp: 3.1.7 (/opt/ros/humble/share/rosidl_generator_cpp/cmake)
-- Using all available rosidl_typesupport_c: rosidl_typesupport_fastrtps_c;rosidl_typesupport_introspection_c
-- Using all available rosidl_typesupport_cpp: rosidl_typesupport_fastrtps_cpp;rosidl_typesupport_introspection_cpp
-- Found rmw_implementation_cmake: 6.1.2 (/opt/ros/humble/share/rmw_implementation_cmake/cmake)
-- Found rmw_fastrtps_cpp: 6.2.8 (/opt/ros/humble/share/rmw_fastrtps_cpp/cmake)
-- Found OpenSSL: /usr/lib/x86_64-linux-gnu/libcrypto.so (found version "3.0.2")  
-- Found FastRTPS: /opt/ros/humble/include  
-- Using RMW implementation 'rmw_fastrtps_cpp' as default
-- Looking for C++ include pthread.h
-- Looking for C++ include pthread.h - found
-- Performing Test CMAKE_HAVE_LIBC_PTHREAD
-- Performing Test CMAKE_HAVE_LIBC_PTHREAD - Success
-- Found Threads: TRUE  
-- Found sensor_msgs: 4.9.0 (/opt/ros/humble/share/sensor_msgs/cmake)
-- Found PkgConfig: /usr/bin/pkg-config (found version "0.29.2") 
-- Checking for module 'libusb-1.0'
--   Found libusb-1.0, version 1.0.25
-- Configuring done
-- Generating done
-- Build files have been written to: /home/jienan/visual_USB/build/usb_bulk_node
[ 66%] [32mBuilding CXX object CMakeFiles/usb_bulk_node.dir/src/ares_protocol.cpp.o[0m
[ 66%] [32mBuilding CXX object CMakeFiles/usb_bulk_node.dir/src/usb_bulk_node.cpp.o[0m
[100%] [32m[1mLinking CXX executable usb_bulk_node[0m
[100%] Built target usb_bulk_node
-- Install configuration: ""
-- Execute custom install script
-- Symlinking: /home/jienan/visual_USB/install/usb_bulk_node/lib/usb_bulk_node/usb_bulk_node
-- Symlinking: /home/jienan/visual_USB/install/usb_bulk_node/share/ament_index/resource_index/package_run_dependencies/usb_bulk_node
-- Symlinking: /home/jienan/visual_USB/install/usb_bulk_node/share/ament_index/resource_index/parent_prefix_path/usb_bulk_node
-- Symlinking: /home/jienan/visual_USB/install/usb_bulk_node/share/usb_bulk_node/environment/ament_prefix_path.sh
-- Symlinking: /home/jienan/visual_USB/install/usb_bulk_node/share/usb_bulk_node/environment/ament_prefix_path.dsv
-- Symlinking: /home/jienan/visual_USB/install/usb_bulk_node/share/usb_bulk_node/environment/path.sh
-- Symlinking: /home/jienan/visual_USB/install/usb_bulk_node/share/usb_bulk_node/environment/path.dsv
-- Symlinking: /home/jienan/visual_USB/install/usb_bulk_node/share/usb_bulk_node/local_setup.bash
-- Symlinking: /home/jienan/visual_USB/install/usb_bulk_node/share/usb_bulk_node/local_setup.sh
-- Symlinking: /home/jienan/visual_USB/install/usb_bulk_node/share/usb_bulk_node/local_setup.zsh
-- Symlinking: /home/jienan/visual_USB/install/usb_bulk_node/share/usb_bulk_node/local_setup.dsv
-- Symlinking: /home/jienan/visual_USB/install/usb_bulk_node/share/usb_bulk_node/package.dsv
-- Symlinking: /home/jienan/visual_USB/install/usb_bulk_node/share/ament_index/resource_index/packages/usb_bulk_node
-- Symlinking: /home/jienan/visual_USB/install/usb_bulk_node/share/usb_bulk_node/cmake/usb_bulk_nodeConfig.cmake
-- Symlinking: /home/jienan/visual_USB/install/usb_bulk_node/share/usb_bulk_node/cmake/usb_bulk_nodeConfig-version.cmake
-- Symlinking: /home/jienan/visual_USB/install/usb_bulk_node/share/usb_bulk_node/package.xml
