[0.014s] Invoking command in '/home/jienan/visual_USB/build/usb_bulk_node': CMAKE_PREFIX_PATH=/opt/ros/humble /usr/bin/cmake /home/jienan/visual_USB/src/usb_bulk_node -DAMENT_CMAKE_SYMLINK_INSTALL=1 -DCMAKE_INSTALL_PREFIX=/home/jienan/visual_USB/install/usb_bulk_node
[0.089s] -- The CXX compiler identification is GNU 11.4.0
[0.096s] -- Detecting CXX compiler ABI info
[0.187s] -- Detecting CXX compiler ABI info - done
[0.193s] -- Check for working CXX compiler: /usr/bin/c++ - skipped
[0.193s] -- Detecting CXX compile features
[0.193s] -- Detecting CXX compile features - done
[0.193s] -- ===== 开始配置 =====
[0.195s] -- Found ament_cmake: 1.3.12 (/opt/ros/humble/share/ament_cmake/cmake)
[0.338s] -- Found Python3: /usr/bin/python3 (found version "3.10.12") found components: Interpreter 
[0.393s] -- Override CMake install command with custom implementation using symlinks instead of copying resources
[0.410s] -- Found rclcpp: 16.0.14 (/opt/ros/humble/share/rclcpp/cmake)
[0.442s] -- Found rosidl_generator_c: 3.1.7 (/opt/ros/humble/share/rosidl_generator_c/cmake)
[0.445s] -- Found rosidl_adapter: 3.1.7 (/opt/ros/humble/share/rosidl_adapter/cmake)
[0.450s] -- Found rosidl_generator_cpp: 3.1.7 (/opt/ros/humble/share/rosidl_generator_cpp/cmake)
[0.457s] -- Using all available rosidl_typesupport_c: rosidl_typesupport_fastrtps_c;rosidl_typesupport_introspection_c
[0.466s] -- Using all available rosidl_typesupport_cpp: rosidl_typesupport_fastrtps_cpp;rosidl_typesupport_introspection_cpp
[0.491s] -- Found rmw_implementation_cmake: 6.1.2 (/opt/ros/humble/share/rmw_implementation_cmake/cmake)
[0.492s] -- Found rmw_fastrtps_cpp: 6.2.8 (/opt/ros/humble/share/rmw_fastrtps_cpp/cmake)
[0.647s] -- Found OpenSSL: /usr/lib/x86_64-linux-gnu/libcrypto.so (found version "3.0.2")  
[0.668s] -- Found FastRTPS: /opt/ros/humble/include  
[0.701s] -- Using RMW implementation 'rmw_fastrtps_cpp' as default
[0.706s] -- Looking for C++ include pthread.h
[0.808s] -- Looking for C++ include pthread.h - found
[0.808s] -- Performing Test CMAKE_HAVE_LIBC_PTHREAD
[0.938s] -- Performing Test CMAKE_HAVE_LIBC_PTHREAD - Success
[0.939s] -- Found Threads: TRUE  
[0.979s] -- Found sensor_msgs: 4.9.0 (/opt/ros/humble/share/sensor_msgs/cmake)
[1.004s] -- Found PkgConfig: /usr/bin/pkg-config (found version "0.29.2") 
[1.005s] -- Checking for module 'libusb-1.0'
[1.035s] --   Found libusb-1.0, version 1.0.25
[1.160s] -- Configuring done
[1.166s] -- Generating done
[1.169s] -- Build files have been written to: /home/jienan/visual_USB/build/usb_bulk_node
[1.176s] Invoked command in '/home/jienan/visual_USB/build/usb_bulk_node' returned '0': CMAKE_PREFIX_PATH=/opt/ros/humble /usr/bin/cmake /home/jienan/visual_USB/src/usb_bulk_node -DAMENT_CMAKE_SYMLINK_INSTALL=1 -DCMAKE_INSTALL_PREFIX=/home/jienan/visual_USB/install/usb_bulk_node
[1.178s] Invoking command in '/home/jienan/visual_USB/build/usb_bulk_node': CMAKE_PREFIX_PATH=/opt/ros/humble /usr/bin/cmake --build /home/jienan/visual_USB/build/usb_bulk_node -- -j24 -l24
[1.255s] [ 66%] [32mBuilding CXX object CMakeFiles/usb_bulk_node.dir/src/ares_protocol.cpp.o[0m
[1.255s] [ 66%] [32mBuilding CXX object CMakeFiles/usb_bulk_node.dir/src/usb_bulk_node.cpp.o[0m
[10.187s] [100%] [32m[1mLinking CXX executable usb_bulk_node[0m
[10.747s] [100%] Built target usb_bulk_node
[10.765s] Invoked command in '/home/jienan/visual_USB/build/usb_bulk_node' returned '0': CMAKE_PREFIX_PATH=/opt/ros/humble /usr/bin/cmake --build /home/jienan/visual_USB/build/usb_bulk_node -- -j24 -l24
[10.780s] Invoking command in '/home/jienan/visual_USB/build/usb_bulk_node': CMAKE_PREFIX_PATH=/opt/ros/humble /usr/bin/cmake --install /home/jienan/visual_USB/build/usb_bulk_node
[10.791s] -- Install configuration: ""
[10.792s] -- Execute custom install script
[10.792s] -- Symlinking: /home/jienan/visual_USB/install/usb_bulk_node/lib/usb_bulk_node/usb_bulk_node
[10.809s] -- Symlinking: /home/jienan/visual_USB/install/usb_bulk_node/share/ament_index/resource_index/package_run_dependencies/usb_bulk_node
[10.823s] -- Symlinking: /home/jienan/visual_USB/install/usb_bulk_node/share/ament_index/resource_index/parent_prefix_path/usb_bulk_node
[10.839s] -- Symlinking: /home/jienan/visual_USB/install/usb_bulk_node/share/usb_bulk_node/environment/ament_prefix_path.sh
[10.856s] -- Symlinking: /home/jienan/visual_USB/install/usb_bulk_node/share/usb_bulk_node/environment/ament_prefix_path.dsv
[10.880s] -- Symlinking: /home/jienan/visual_USB/install/usb_bulk_node/share/usb_bulk_node/environment/path.sh
[10.894s] -- Symlinking: /home/jienan/visual_USB/install/usb_bulk_node/share/usb_bulk_node/environment/path.dsv
[10.911s] -- Symlinking: /home/jienan/visual_USB/install/usb_bulk_node/share/usb_bulk_node/local_setup.bash
[10.924s] -- Symlinking: /home/jienan/visual_USB/install/usb_bulk_node/share/usb_bulk_node/local_setup.sh
[10.941s] -- Symlinking: /home/jienan/visual_USB/install/usb_bulk_node/share/usb_bulk_node/local_setup.zsh
[10.960s] -- Symlinking: /home/jienan/visual_USB/install/usb_bulk_node/share/usb_bulk_node/local_setup.dsv
[10.979s] -- Symlinking: /home/jienan/visual_USB/install/usb_bulk_node/share/usb_bulk_node/package.dsv
[10.994s] -- Symlinking: /home/jienan/visual_USB/install/usb_bulk_node/share/ament_index/resource_index/packages/usb_bulk_node
[11.005s] -- Symlinking: /home/jienan/visual_USB/install/usb_bulk_node/share/usb_bulk_node/cmake/usb_bulk_nodeConfig.cmake
[11.021s] -- Symlinking: /home/jienan/visual_USB/install/usb_bulk_node/share/usb_bulk_node/cmake/usb_bulk_nodeConfig-version.cmake
[11.035s] -- Symlinking: /home/jienan/visual_USB/install/usb_bulk_node/share/usb_bulk_node/package.xml
[11.050s] Invoked command in '/home/jienan/visual_USB/build/usb_bulk_node' returned '0': CMAKE_PREFIX_PATH=/opt/ros/humble /usr/bin/cmake --install /home/jienan/visual_USB/build/usb_bulk_node
