running develop
running egg_info
creating visual_USB.egg-info
writing visual_USB.egg-info/PKG-INFO
writing dependency_links to visual_USB.egg-info/dependency_links.txt
writing entry points to visual_USB.egg-info/entry_points.txt
writing requirements to visual_USB.egg-info/requires.txt
writing top-level names to visual_USB.egg-info/top_level.txt
writing manifest file 'visual_USB.egg-info/SOURCES.txt'
reading manifest file 'visual_USB.egg-info/SOURCES.txt'
writing manifest file 'visual_USB.egg-info/SOURCES.txt'
running build_ext
Creating /home/jienan/visual_USB/install/visual_USB/lib/python3.10/site-packages/visual-USB.egg-link (link to .)
Installing pid_map script to /home/jienan/visual_USB/install/visual_USB/lib/visual_USB
Installing video script to /home/jienan/visual_USB/install/visual_USB/lib/visual_USB

Installed /home/jienan/visual_USB/build/visual_USB
running symlink_data
creating /home/jienan/visual_USB/install/visual_USB/share/ament_index
creating /home/jienan/visual_USB/install/visual_USB/share/ament_index/resource_index
creating /home/jienan/visual_USB/install/visual_USB/share/ament_index/resource_index/packages
symbolically linking /home/jienan/visual_USB/build/visual_USB/resource/visual_USB -> /home/jienan/visual_USB/install/visual_USB/share/ament_index/resource_index/packages
symbolically linking /home/jienan/visual_USB/build/visual_USB/package.xml -> /home/jienan/visual_USB/install/visual_USB/share/visual_USB
creating /home/jienan/visual_USB/install/visual_USB/share/visual_USB/config
symbolically linking /home/jienan/visual_USB/build/visual_USB/config/params.yaml -> /home/jienan/visual_USB/install/visual_USB/share/visual_USB/config
creating /home/jienan/visual_USB/install/visual_USB/share/visual_USB/launch
symbolically linking /home/jienan/visual_USB/build/visual_USB/launch/visual_location.launch.py -> /home/jienan/visual_USB/install/visual_USB/share/visual_USB/launch
