[0.431s] Invoking command in '/home/jienan/visual_USB/build/visual_USB': PYTHONPATH=/home/jienan/visual_USB/build/visual_USB/prefix_override:/usr/lib/python3/dist-packages/colcon_core/task/python/colcon_distutils_commands:/home/jienan/visual_USB/install/visual_USB/lib/python3.10/site-packages:${PYTHONPATH} /usr/bin/python3 -W ignore:setup.py install is deprecated -W ignore:easy_install command is deprecated setup.py develop --editable --build-directory /home/jienan/visual_USB/build/visual_USB/build --no-deps symlink_data
[0.653s] running develop
[0.752s] running egg_info
[0.752s] creating visual_USB.egg-info
[0.752s] writing visual_USB.egg-info/PKG-INFO
[0.752s] writing dependency_links to visual_USB.egg-info/dependency_links.txt
[0.752s] writing entry points to visual_USB.egg-info/entry_points.txt
[0.752s] writing requirements to visual_USB.egg-info/requires.txt
[0.752s] writing top-level names to visual_USB.egg-info/top_level.txt
[0.752s] writing manifest file 'visual_USB.egg-info/SOURCES.txt'
[0.754s] reading manifest file 'visual_USB.egg-info/SOURCES.txt'
[0.754s] writing manifest file 'visual_USB.egg-info/SOURCES.txt'
[0.755s] running build_ext
[0.755s] Creating /home/jienan/visual_USB/install/visual_USB/lib/python3.10/site-packages/visual-USB.egg-link (link to .)
[0.756s] Installing pid_map script to /home/jienan/visual_USB/install/visual_USB/lib/visual_USB
[0.756s] Installing video script to /home/jienan/visual_USB/install/visual_USB/lib/visual_USB
[0.756s] 
[0.756s] Installed /home/jienan/visual_USB/build/visual_USB
[0.756s] running symlink_data
[0.756s] creating /home/jienan/visual_USB/install/visual_USB/share/ament_index
[0.756s] creating /home/jienan/visual_USB/install/visual_USB/share/ament_index/resource_index
[0.756s] creating /home/jienan/visual_USB/install/visual_USB/share/ament_index/resource_index/packages
[0.756s] symbolically linking /home/jienan/visual_USB/build/visual_USB/resource/visual_USB -> /home/jienan/visual_USB/install/visual_USB/share/ament_index/resource_index/packages
[0.757s] symbolically linking /home/jienan/visual_USB/build/visual_USB/package.xml -> /home/jienan/visual_USB/install/visual_USB/share/visual_USB
[0.757s] creating /home/jienan/visual_USB/install/visual_USB/share/visual_USB/config
[0.757s] symbolically linking /home/jienan/visual_USB/build/visual_USB/config/params.yaml -> /home/jienan/visual_USB/install/visual_USB/share/visual_USB/config
[0.757s] creating /home/jienan/visual_USB/install/visual_USB/share/visual_USB/launch
[0.757s] symbolically linking /home/jienan/visual_USB/build/visual_USB/launch/visual_location.launch.py -> /home/jienan/visual_USB/install/visual_USB/share/visual_USB/launch
[0.777s] Invoked command in '/home/jienan/visual_USB/build/visual_USB' returned '0': PYTHONPATH=/home/jienan/visual_USB/build/visual_USB/prefix_override:/usr/lib/python3/dist-packages/colcon_core/task/python/colcon_distutils_commands:/home/jienan/visual_USB/install/visual_USB/lib/python3.10/site-packages:${PYTHONPATH} /usr/bin/python3 -W ignore:setup.py install is deprecated -W ignore:easy_install command is deprecated setup.py develop --editable --build-directory /home/jienan/visual_USB/build/visual_USB/build --no-deps symlink_data
