[0.138s] DEBUG:colcon:Command line arguments: ['/usr/bin/colcon', 'build', '--symlink-install']
[0.138s] DEBUG:colcon:Parsed command line arguments: Namespace(log_base=None, log_level=None, verb_name='build', build_base='build', install_base='install', merge_install=False, symlink_install=True, test_result_base=None, continue_on_error=False, executor='parallel', parallel_workers=24, event_handlers=None, ignore_user_meta=False, metas=['./colcon.meta'], base_paths=['.'], packages_ignore=None, packages_ignore_regex=None, paths=None, packages_up_to=None, packages_up_to_regex=None, packages_above=None, packages_above_and_dependencies=None, packages_above_depth=None, packages_select_by_dep=None, packages_skip_by_dep=None, packages_skip_up_to=None, packages_select_build_failed=False, packages_skip_build_finished=False, packages_select_test_failures=False, packages_skip_test_passed=False, packages_select=None, packages_skip=None, packages_select_regex=None, packages_skip_regex=None, packages_start=None, packages_end=None, allow_overriding=[], cmake_args=None, cmake_target=None, cmake_target_skip_unavailable=False, cmake_clean_cache=False, cmake_clean_first=False, cmake_force_configure=False, ament_cmake_args=None, catkin_cmake_args=None, catkin_skip_building_tests=False, verb_parser=<colcon_defaults.argument_parser.defaults.DefaultArgumentsDecorator object at 0x7e8389364460>, verb_extension=<colcon_core.verb.build.BuildVerb object at 0x7e8389471810>, main=<bound method BuildVerb.main of <colcon_core.verb.build.BuildVerb object at 0x7e8389471810>>)
[0.308s] Level 1:colcon.colcon_core.package_discovery:discover_packages(colcon_meta) check parameters
[0.308s] Level 1:colcon.colcon_core.package_discovery:discover_packages(recursive) check parameters
[0.308s] Level 1:colcon.colcon_core.package_discovery:discover_packages(ignore) check parameters
[0.308s] Level 1:colcon.colcon_core.package_discovery:discover_packages(path) check parameters
[0.308s] Level 1:colcon.colcon_core.package_discovery:discover_packages(colcon_meta) discover
[0.308s] Level 1:colcon.colcon_core.package_discovery:discover_packages(recursive) discover
[0.308s] INFO:colcon.colcon_core.package_discovery:Crawling recursively for packages in '/home/jienan/visual_USB'
[0.308s] Level 1:colcon.colcon_core.package_identification:_identify(.) by extensions ['ignore', 'ignore_ament_install']
[0.308s] Level 1:colcon.colcon_core.package_identification:_identify(.) by extension 'ignore'
[0.308s] Level 1:colcon.colcon_core.package_identification:_identify(.) by extension 'ignore_ament_install'
[0.308s] Level 1:colcon.colcon_core.package_identification:_identify(.) by extensions ['colcon_pkg']
[0.308s] Level 1:colcon.colcon_core.package_identification:_identify(.) by extension 'colcon_pkg'
[0.308s] Level 1:colcon.colcon_core.package_identification:_identify(.) by extensions ['colcon_meta']
[0.308s] Level 1:colcon.colcon_core.package_identification:_identify(.) by extension 'colcon_meta'
[0.309s] Level 1:colcon.colcon_core.package_identification:_identify(.) by extensions ['ros']
[0.309s] Level 1:colcon.colcon_core.package_identification:_identify(.) by extension 'ros'
[0.321s] Level 1:colcon.colcon_core.package_identification:_identify(.) by extensions ['cmake', 'python']
[0.321s] Level 1:colcon.colcon_core.package_identification:_identify(.) by extension 'cmake'
[0.321s] Level 1:colcon.colcon_core.package_identification:_identify(.) by extension 'python'
[0.321s] Level 1:colcon.colcon_core.package_identification:_identify(.) by extensions ['python_setup_py']
[0.321s] Level 1:colcon.colcon_core.package_identification:_identify(.) by extension 'python_setup_py'
[0.321s] Level 1:colcon.colcon_core.package_identification:_identify(build) by extensions ['ignore', 'ignore_ament_install']
[0.321s] Level 1:colcon.colcon_core.package_identification:_identify(build) by extension 'ignore'
[0.321s] Level 1:colcon.colcon_core.package_identification:_identify(build) ignored
[0.322s] Level 1:colcon.colcon_core.package_identification:_identify(install) by extensions ['ignore', 'ignore_ament_install']
[0.322s] Level 1:colcon.colcon_core.package_identification:_identify(install) by extension 'ignore'
[0.322s] Level 1:colcon.colcon_core.package_identification:_identify(install) ignored
[0.322s] Level 1:colcon.colcon_core.package_identification:_identify(log) by extensions ['ignore', 'ignore_ament_install']
[0.322s] Level 1:colcon.colcon_core.package_identification:_identify(log) by extension 'ignore'
[0.322s] Level 1:colcon.colcon_core.package_identification:_identify(log) ignored
[0.322s] Level 1:colcon.colcon_core.package_identification:_identify(model) by extensions ['ignore', 'ignore_ament_install']
[0.322s] Level 1:colcon.colcon_core.package_identification:_identify(model) by extension 'ignore'
[0.322s] Level 1:colcon.colcon_core.package_identification:_identify(model) by extension 'ignore_ament_install'
[0.322s] Level 1:colcon.colcon_core.package_identification:_identify(model) by extensions ['colcon_pkg']
[0.322s] Level 1:colcon.colcon_core.package_identification:_identify(model) by extension 'colcon_pkg'
[0.322s] Level 1:colcon.colcon_core.package_identification:_identify(model) by extensions ['colcon_meta']
[0.322s] Level 1:colcon.colcon_core.package_identification:_identify(model) by extension 'colcon_meta'
[0.322s] Level 1:colcon.colcon_core.package_identification:_identify(model) by extensions ['ros']
[0.322s] Level 1:colcon.colcon_core.package_identification:_identify(model) by extension 'ros'
[0.322s] Level 1:colcon.colcon_core.package_identification:_identify(model) by extensions ['cmake', 'python']
[0.322s] Level 1:colcon.colcon_core.package_identification:_identify(model) by extension 'cmake'
[0.322s] Level 1:colcon.colcon_core.package_identification:_identify(model) by extension 'python'
[0.322s] Level 1:colcon.colcon_core.package_identification:_identify(model) by extensions ['python_setup_py']
[0.322s] Level 1:colcon.colcon_core.package_identification:_identify(model) by extension 'python_setup_py'
[0.322s] Level 1:colcon.colcon_core.package_identification:_identify(model/train) by extensions ['ignore', 'ignore_ament_install']
[0.322s] Level 1:colcon.colcon_core.package_identification:_identify(model/train) by extension 'ignore'
[0.322s] Level 1:colcon.colcon_core.package_identification:_identify(model/train) by extension 'ignore_ament_install'
[0.322s] Level 1:colcon.colcon_core.package_identification:_identify(model/train) by extensions ['colcon_pkg']
[0.322s] Level 1:colcon.colcon_core.package_identification:_identify(model/train) by extension 'colcon_pkg'
[0.322s] Level 1:colcon.colcon_core.package_identification:_identify(model/train) by extensions ['colcon_meta']
[0.323s] Level 1:colcon.colcon_core.package_identification:_identify(model/train) by extension 'colcon_meta'
[0.323s] Level 1:colcon.colcon_core.package_identification:_identify(model/train) by extensions ['ros']
[0.323s] Level 1:colcon.colcon_core.package_identification:_identify(model/train) by extension 'ros'
[0.323s] Level 1:colcon.colcon_core.package_identification:_identify(model/train) by extensions ['cmake', 'python']
[0.323s] Level 1:colcon.colcon_core.package_identification:_identify(model/train) by extension 'cmake'
[0.323s] Level 1:colcon.colcon_core.package_identification:_identify(model/train) by extension 'python'
[0.323s] Level 1:colcon.colcon_core.package_identification:_identify(model/train) by extensions ['python_setup_py']
[0.323s] Level 1:colcon.colcon_core.package_identification:_identify(model/train) by extension 'python_setup_py'
[0.323s] Level 1:colcon.colcon_core.package_identification:_identify(model/train/weights) by extensions ['ignore', 'ignore_ament_install']
[0.323s] Level 1:colcon.colcon_core.package_identification:_identify(model/train/weights) by extension 'ignore'
[0.323s] Level 1:colcon.colcon_core.package_identification:_identify(model/train/weights) by extension 'ignore_ament_install'
[0.323s] Level 1:colcon.colcon_core.package_identification:_identify(model/train/weights) by extensions ['colcon_pkg']
[0.323s] Level 1:colcon.colcon_core.package_identification:_identify(model/train/weights) by extension 'colcon_pkg'
[0.323s] Level 1:colcon.colcon_core.package_identification:_identify(model/train/weights) by extensions ['colcon_meta']
[0.323s] Level 1:colcon.colcon_core.package_identification:_identify(model/train/weights) by extension 'colcon_meta'
[0.323s] Level 1:colcon.colcon_core.package_identification:_identify(model/train/weights) by extensions ['ros']
[0.323s] Level 1:colcon.colcon_core.package_identification:_identify(model/train/weights) by extension 'ros'
[0.323s] Level 1:colcon.colcon_core.package_identification:_identify(model/train/weights) by extensions ['cmake', 'python']
[0.323s] Level 1:colcon.colcon_core.package_identification:_identify(model/train/weights) by extension 'cmake'
[0.323s] Level 1:colcon.colcon_core.package_identification:_identify(model/train/weights) by extension 'python'
[0.323s] Level 1:colcon.colcon_core.package_identification:_identify(model/train/weights) by extensions ['python_setup_py']
[0.323s] Level 1:colcon.colcon_core.package_identification:_identify(model/train/weights) by extension 'python_setup_py'
[0.323s] Level 1:colcon.colcon_core.package_identification:_identify(model/train15) by extensions ['ignore', 'ignore_ament_install']
[0.323s] Level 1:colcon.colcon_core.package_identification:_identify(model/train15) by extension 'ignore'
[0.323s] Level 1:colcon.colcon_core.package_identification:_identify(model/train15) by extension 'ignore_ament_install'
[0.323s] Level 1:colcon.colcon_core.package_identification:_identify(model/train15) by extensions ['colcon_pkg']
[0.323s] Level 1:colcon.colcon_core.package_identification:_identify(model/train15) by extension 'colcon_pkg'
[0.323s] Level 1:colcon.colcon_core.package_identification:_identify(model/train15) by extensions ['colcon_meta']
[0.323s] Level 1:colcon.colcon_core.package_identification:_identify(model/train15) by extension 'colcon_meta'
[0.323s] Level 1:colcon.colcon_core.package_identification:_identify(model/train15) by extensions ['ros']
[0.323s] Level 1:colcon.colcon_core.package_identification:_identify(model/train15) by extension 'ros'
[0.324s] Level 1:colcon.colcon_core.package_identification:_identify(model/train15) by extensions ['cmake', 'python']
[0.324s] Level 1:colcon.colcon_core.package_identification:_identify(model/train15) by extension 'cmake'
[0.324s] Level 1:colcon.colcon_core.package_identification:_identify(model/train15) by extension 'python'
[0.324s] Level 1:colcon.colcon_core.package_identification:_identify(model/train15) by extensions ['python_setup_py']
[0.324s] Level 1:colcon.colcon_core.package_identification:_identify(model/train15) by extension 'python_setup_py'
[0.324s] Level 1:colcon.colcon_core.package_identification:_identify(model/train15/weights) by extensions ['ignore', 'ignore_ament_install']
[0.324s] Level 1:colcon.colcon_core.package_identification:_identify(model/train15/weights) by extension 'ignore'
[0.324s] Level 1:colcon.colcon_core.package_identification:_identify(model/train15/weights) by extension 'ignore_ament_install'
[0.324s] Level 1:colcon.colcon_core.package_identification:_identify(model/train15/weights) by extensions ['colcon_pkg']
[0.324s] Level 1:colcon.colcon_core.package_identification:_identify(model/train15/weights) by extension 'colcon_pkg'
[0.324s] Level 1:colcon.colcon_core.package_identification:_identify(model/train15/weights) by extensions ['colcon_meta']
[0.324s] Level 1:colcon.colcon_core.package_identification:_identify(model/train15/weights) by extension 'colcon_meta'
[0.324s] Level 1:colcon.colcon_core.package_identification:_identify(model/train15/weights) by extensions ['ros']
[0.324s] Level 1:colcon.colcon_core.package_identification:_identify(model/train15/weights) by extension 'ros'
[0.324s] Level 1:colcon.colcon_core.package_identification:_identify(model/train15/weights) by extensions ['cmake', 'python']
[0.324s] Level 1:colcon.colcon_core.package_identification:_identify(model/train15/weights) by extension 'cmake'
[0.324s] Level 1:colcon.colcon_core.package_identification:_identify(model/train15/weights) by extension 'python'
[0.324s] Level 1:colcon.colcon_core.package_identification:_identify(model/train15/weights) by extensions ['python_setup_py']
[0.324s] Level 1:colcon.colcon_core.package_identification:_identify(model/train15/weights) by extension 'python_setup_py'
[0.324s] Level 1:colcon.colcon_core.package_identification:_identify(model/train16) by extensions ['ignore', 'ignore_ament_install']
[0.324s] Level 1:colcon.colcon_core.package_identification:_identify(model/train16) by extension 'ignore'
[0.324s] Level 1:colcon.colcon_core.package_identification:_identify(model/train16) by extension 'ignore_ament_install'
[0.324s] Level 1:colcon.colcon_core.package_identification:_identify(model/train16) by extensions ['colcon_pkg']
[0.324s] Level 1:colcon.colcon_core.package_identification:_identify(model/train16) by extension 'colcon_pkg'
[0.324s] Level 1:colcon.colcon_core.package_identification:_identify(model/train16) by extensions ['colcon_meta']
[0.324s] Level 1:colcon.colcon_core.package_identification:_identify(model/train16) by extension 'colcon_meta'
[0.324s] Level 1:colcon.colcon_core.package_identification:_identify(model/train16) by extensions ['ros']
[0.324s] Level 1:colcon.colcon_core.package_identification:_identify(model/train16) by extension 'ros'
[0.324s] Level 1:colcon.colcon_core.package_identification:_identify(model/train16) by extensions ['cmake', 'python']
[0.324s] Level 1:colcon.colcon_core.package_identification:_identify(model/train16) by extension 'cmake'
[0.324s] Level 1:colcon.colcon_core.package_identification:_identify(model/train16) by extension 'python'
[0.324s] Level 1:colcon.colcon_core.package_identification:_identify(model/train16) by extensions ['python_setup_py']
[0.324s] Level 1:colcon.colcon_core.package_identification:_identify(model/train16) by extension 'python_setup_py'
[0.324s] Level 1:colcon.colcon_core.package_identification:_identify(model/train17) by extensions ['ignore', 'ignore_ament_install']
[0.324s] Level 1:colcon.colcon_core.package_identification:_identify(model/train17) by extension 'ignore'
[0.324s] Level 1:colcon.colcon_core.package_identification:_identify(model/train17) by extension 'ignore_ament_install'
[0.324s] Level 1:colcon.colcon_core.package_identification:_identify(model/train17) by extensions ['colcon_pkg']
[0.324s] Level 1:colcon.colcon_core.package_identification:_identify(model/train17) by extension 'colcon_pkg'
[0.324s] Level 1:colcon.colcon_core.package_identification:_identify(model/train17) by extensions ['colcon_meta']
[0.324s] Level 1:colcon.colcon_core.package_identification:_identify(model/train17) by extension 'colcon_meta'
[0.325s] Level 1:colcon.colcon_core.package_identification:_identify(model/train17) by extensions ['ros']
[0.325s] Level 1:colcon.colcon_core.package_identification:_identify(model/train17) by extension 'ros'
[0.325s] Level 1:colcon.colcon_core.package_identification:_identify(model/train17) by extensions ['cmake', 'python']
[0.325s] Level 1:colcon.colcon_core.package_identification:_identify(model/train17) by extension 'cmake'
[0.325s] Level 1:colcon.colcon_core.package_identification:_identify(model/train17) by extension 'python'
[0.325s] Level 1:colcon.colcon_core.package_identification:_identify(model/train17) by extensions ['python_setup_py']
[0.325s] Level 1:colcon.colcon_core.package_identification:_identify(model/train17) by extension 'python_setup_py'
[0.325s] Level 1:colcon.colcon_core.package_identification:_identify(model/train17/weights) by extensions ['ignore', 'ignore_ament_install']
[0.325s] Level 1:colcon.colcon_core.package_identification:_identify(model/train17/weights) by extension 'ignore'
[0.325s] Level 1:colcon.colcon_core.package_identification:_identify(model/train17/weights) by extension 'ignore_ament_install'
[0.325s] Level 1:colcon.colcon_core.package_identification:_identify(model/train17/weights) by extensions ['colcon_pkg']
[0.325s] Level 1:colcon.colcon_core.package_identification:_identify(model/train17/weights) by extension 'colcon_pkg'
[0.325s] Level 1:colcon.colcon_core.package_identification:_identify(model/train17/weights) by extensions ['colcon_meta']
[0.325s] Level 1:colcon.colcon_core.package_identification:_identify(model/train17/weights) by extension 'colcon_meta'
[0.325s] Level 1:colcon.colcon_core.package_identification:_identify(model/train17/weights) by extensions ['ros']
[0.325s] Level 1:colcon.colcon_core.package_identification:_identify(model/train17/weights) by extension 'ros'
[0.325s] Level 1:colcon.colcon_core.package_identification:_identify(model/train17/weights) by extensions ['cmake', 'python']
[0.325s] Level 1:colcon.colcon_core.package_identification:_identify(model/train17/weights) by extension 'cmake'
[0.325s] Level 1:colcon.colcon_core.package_identification:_identify(model/train17/weights) by extension 'python'
[0.325s] Level 1:colcon.colcon_core.package_identification:_identify(model/train17/weights) by extensions ['python_setup_py']
[0.325s] Level 1:colcon.colcon_core.package_identification:_identify(model/train17/weights) by extension 'python_setup_py'
[0.325s] Level 1:colcon.colcon_core.package_identification:_identify(model/train2) by extensions ['ignore', 'ignore_ament_install']
[0.325s] Level 1:colcon.colcon_core.package_identification:_identify(model/train2) by extension 'ignore'
[0.325s] Level 1:colcon.colcon_core.package_identification:_identify(model/train2) by extension 'ignore_ament_install'
[0.325s] Level 1:colcon.colcon_core.package_identification:_identify(model/train2) by extensions ['colcon_pkg']
[0.325s] Level 1:colcon.colcon_core.package_identification:_identify(model/train2) by extension 'colcon_pkg'
[0.325s] Level 1:colcon.colcon_core.package_identification:_identify(model/train2) by extensions ['colcon_meta']
[0.325s] Level 1:colcon.colcon_core.package_identification:_identify(model/train2) by extension 'colcon_meta'
[0.325s] Level 1:colcon.colcon_core.package_identification:_identify(model/train2) by extensions ['ros']
[0.325s] Level 1:colcon.colcon_core.package_identification:_identify(model/train2) by extension 'ros'
[0.325s] Level 1:colcon.colcon_core.package_identification:_identify(model/train2) by extensions ['cmake', 'python']
[0.325s] Level 1:colcon.colcon_core.package_identification:_identify(model/train2) by extension 'cmake'
[0.325s] Level 1:colcon.colcon_core.package_identification:_identify(model/train2) by extension 'python'
[0.325s] Level 1:colcon.colcon_core.package_identification:_identify(model/train2) by extensions ['python_setup_py']
[0.325s] Level 1:colcon.colcon_core.package_identification:_identify(model/train2) by extension 'python_setup_py'
[0.325s] Level 1:colcon.colcon_core.package_identification:_identify(model/train2/weights) by extensions ['ignore', 'ignore_ament_install']
[0.325s] Level 1:colcon.colcon_core.package_identification:_identify(model/train2/weights) by extension 'ignore'
[0.325s] Level 1:colcon.colcon_core.package_identification:_identify(model/train2/weights) by extension 'ignore_ament_install'
[0.325s] Level 1:colcon.colcon_core.package_identification:_identify(model/train2/weights) by extensions ['colcon_pkg']
[0.325s] Level 1:colcon.colcon_core.package_identification:_identify(model/train2/weights) by extension 'colcon_pkg'
[0.325s] Level 1:colcon.colcon_core.package_identification:_identify(model/train2/weights) by extensions ['colcon_meta']
[0.325s] Level 1:colcon.colcon_core.package_identification:_identify(model/train2/weights) by extension 'colcon_meta'
[0.325s] Level 1:colcon.colcon_core.package_identification:_identify(model/train2/weights) by extensions ['ros']
[0.325s] Level 1:colcon.colcon_core.package_identification:_identify(model/train2/weights) by extension 'ros'
[0.325s] Level 1:colcon.colcon_core.package_identification:_identify(model/train2/weights) by extensions ['cmake', 'python']
[0.325s] Level 1:colcon.colcon_core.package_identification:_identify(model/train2/weights) by extension 'cmake'
[0.325s] Level 1:colcon.colcon_core.package_identification:_identify(model/train2/weights) by extension 'python'
[0.325s] Level 1:colcon.colcon_core.package_identification:_identify(model/train2/weights) by extensions ['python_setup_py']
[0.325s] Level 1:colcon.colcon_core.package_identification:_identify(model/train2/weights) by extension 'python_setup_py'
[0.326s] Level 1:colcon.colcon_core.package_identification:_identify(model/train3) by extensions ['ignore', 'ignore_ament_install']
[0.326s] Level 1:colcon.colcon_core.package_identification:_identify(model/train3) by extension 'ignore'
[0.326s] Level 1:colcon.colcon_core.package_identification:_identify(model/train3) by extension 'ignore_ament_install'
[0.326s] Level 1:colcon.colcon_core.package_identification:_identify(model/train3) by extensions ['colcon_pkg']
[0.326s] Level 1:colcon.colcon_core.package_identification:_identify(model/train3) by extension 'colcon_pkg'
[0.326s] Level 1:colcon.colcon_core.package_identification:_identify(model/train3) by extensions ['colcon_meta']
[0.326s] Level 1:colcon.colcon_core.package_identification:_identify(model/train3) by extension 'colcon_meta'
[0.326s] Level 1:colcon.colcon_core.package_identification:_identify(model/train3) by extensions ['ros']
[0.326s] Level 1:colcon.colcon_core.package_identification:_identify(model/train3) by extension 'ros'
[0.326s] Level 1:colcon.colcon_core.package_identification:_identify(model/train3) by extensions ['cmake', 'python']
[0.326s] Level 1:colcon.colcon_core.package_identification:_identify(model/train3) by extension 'cmake'
[0.326s] Level 1:colcon.colcon_core.package_identification:_identify(model/train3) by extension 'python'
[0.326s] Level 1:colcon.colcon_core.package_identification:_identify(model/train3) by extensions ['python_setup_py']
[0.326s] Level 1:colcon.colcon_core.package_identification:_identify(model/train3) by extension 'python_setup_py'
[0.326s] Level 1:colcon.colcon_core.package_identification:_identify(model/train3/weights) by extensions ['ignore', 'ignore_ament_install']
[0.326s] Level 1:colcon.colcon_core.package_identification:_identify(model/train3/weights) by extension 'ignore'
[0.326s] Level 1:colcon.colcon_core.package_identification:_identify(model/train3/weights) by extension 'ignore_ament_install'
[0.326s] Level 1:colcon.colcon_core.package_identification:_identify(model/train3/weights) by extensions ['colcon_pkg']
[0.326s] Level 1:colcon.colcon_core.package_identification:_identify(model/train3/weights) by extension 'colcon_pkg'
[0.326s] Level 1:colcon.colcon_core.package_identification:_identify(model/train3/weights) by extensions ['colcon_meta']
[0.326s] Level 1:colcon.colcon_core.package_identification:_identify(model/train3/weights) by extension 'colcon_meta'
[0.326s] Level 1:colcon.colcon_core.package_identification:_identify(model/train3/weights) by extensions ['ros']
[0.326s] Level 1:colcon.colcon_core.package_identification:_identify(model/train3/weights) by extension 'ros'
[0.326s] Level 1:colcon.colcon_core.package_identification:_identify(model/train3/weights) by extensions ['cmake', 'python']
[0.326s] Level 1:colcon.colcon_core.package_identification:_identify(model/train3/weights) by extension 'cmake'
[0.326s] Level 1:colcon.colcon_core.package_identification:_identify(model/train3/weights) by extension 'python'
[0.326s] Level 1:colcon.colcon_core.package_identification:_identify(model/train3/weights) by extensions ['python_setup_py']
[0.326s] Level 1:colcon.colcon_core.package_identification:_identify(model/train3/weights) by extension 'python_setup_py'
[0.326s] Level 1:colcon.colcon_core.package_identification:_identify(model/train4) by extensions ['ignore', 'ignore_ament_install']
[0.326s] Level 1:colcon.colcon_core.package_identification:_identify(model/train4) by extension 'ignore'
[0.326s] Level 1:colcon.colcon_core.package_identification:_identify(model/train4) by extension 'ignore_ament_install'
[0.326s] Level 1:colcon.colcon_core.package_identification:_identify(model/train4) by extensions ['colcon_pkg']
[0.326s] Level 1:colcon.colcon_core.package_identification:_identify(model/train4) by extension 'colcon_pkg'
[0.326s] Level 1:colcon.colcon_core.package_identification:_identify(model/train4) by extensions ['colcon_meta']
[0.326s] Level 1:colcon.colcon_core.package_identification:_identify(model/train4) by extension 'colcon_meta'
[0.326s] Level 1:colcon.colcon_core.package_identification:_identify(model/train4) by extensions ['ros']
[0.326s] Level 1:colcon.colcon_core.package_identification:_identify(model/train4) by extension 'ros'
[0.326s] Level 1:colcon.colcon_core.package_identification:_identify(model/train4) by extensions ['cmake', 'python']
[0.326s] Level 1:colcon.colcon_core.package_identification:_identify(model/train4) by extension 'cmake'
[0.326s] Level 1:colcon.colcon_core.package_identification:_identify(model/train4) by extension 'python'
[0.326s] Level 1:colcon.colcon_core.package_identification:_identify(model/train4) by extensions ['python_setup_py']
[0.326s] Level 1:colcon.colcon_core.package_identification:_identify(model/train4) by extension 'python_setup_py'
[0.326s] Level 1:colcon.colcon_core.package_identification:_identify(model/train4/weights) by extensions ['ignore', 'ignore_ament_install']
[0.326s] Level 1:colcon.colcon_core.package_identification:_identify(model/train4/weights) by extension 'ignore'
[0.327s] Level 1:colcon.colcon_core.package_identification:_identify(model/train4/weights) by extension 'ignore_ament_install'
[0.327s] Level 1:colcon.colcon_core.package_identification:_identify(model/train4/weights) by extensions ['colcon_pkg']
[0.327s] Level 1:colcon.colcon_core.package_identification:_identify(model/train4/weights) by extension 'colcon_pkg'
[0.327s] Level 1:colcon.colcon_core.package_identification:_identify(model/train4/weights) by extensions ['colcon_meta']
[0.327s] Level 1:colcon.colcon_core.package_identification:_identify(model/train4/weights) by extension 'colcon_meta'
[0.327s] Level 1:colcon.colcon_core.package_identification:_identify(model/train4/weights) by extensions ['ros']
[0.327s] Level 1:colcon.colcon_core.package_identification:_identify(model/train4/weights) by extension 'ros'
[0.327s] Level 1:colcon.colcon_core.package_identification:_identify(model/train4/weights) by extensions ['cmake', 'python']
[0.327s] Level 1:colcon.colcon_core.package_identification:_identify(model/train4/weights) by extension 'cmake'
[0.327s] Level 1:colcon.colcon_core.package_identification:_identify(model/train4/weights) by extension 'python'
[0.327s] Level 1:colcon.colcon_core.package_identification:_identify(model/train4/weights) by extensions ['python_setup_py']
[0.327s] Level 1:colcon.colcon_core.package_identification:_identify(model/train4/weights) by extension 'python_setup_py'
[0.327s] Level 1:colcon.colcon_core.package_identification:_identify(src) by extensions ['ignore', 'ignore_ament_install']
[0.327s] Level 1:colcon.colcon_core.package_identification:_identify(src) by extension 'ignore'
[0.327s] Level 1:colcon.colcon_core.package_identification:_identify(src) by extension 'ignore_ament_install'
[0.327s] Level 1:colcon.colcon_core.package_identification:_identify(src) by extensions ['colcon_pkg']
[0.327s] Level 1:colcon.colcon_core.package_identification:_identify(src) by extension 'colcon_pkg'
[0.327s] Level 1:colcon.colcon_core.package_identification:_identify(src) by extensions ['colcon_meta']
[0.327s] Level 1:colcon.colcon_core.package_identification:_identify(src) by extension 'colcon_meta'
[0.327s] Level 1:colcon.colcon_core.package_identification:_identify(src) by extensions ['ros']
[0.327s] Level 1:colcon.colcon_core.package_identification:_identify(src) by extension 'ros'
[0.327s] Level 1:colcon.colcon_core.package_identification:_identify(src) by extensions ['cmake', 'python']
[0.327s] Level 1:colcon.colcon_core.package_identification:_identify(src) by extension 'cmake'
[0.327s] Level 1:colcon.colcon_core.package_identification:_identify(src) by extension 'python'
[0.327s] Level 1:colcon.colcon_core.package_identification:_identify(src) by extensions ['python_setup_py']
[0.327s] Level 1:colcon.colcon_core.package_identification:_identify(src) by extension 'python_setup_py'
[0.327s] Level 1:colcon.colcon_core.package_identification:_identify(src/usb_bulk_node) by extensions ['ignore', 'ignore_ament_install']
[0.327s] Level 1:colcon.colcon_core.package_identification:_identify(src/usb_bulk_node) by extension 'ignore'
[0.327s] Level 1:colcon.colcon_core.package_identification:_identify(src/usb_bulk_node) by extension 'ignore_ament_install'
[0.327s] Level 1:colcon.colcon_core.package_identification:_identify(src/usb_bulk_node) by extensions ['colcon_pkg']
[0.327s] Level 1:colcon.colcon_core.package_identification:_identify(src/usb_bulk_node) by extension 'colcon_pkg'
[0.327s] Level 1:colcon.colcon_core.package_identification:_identify(src/usb_bulk_node) by extensions ['colcon_meta']
[0.327s] Level 1:colcon.colcon_core.package_identification:_identify(src/usb_bulk_node) by extension 'colcon_meta'
[0.327s] Level 1:colcon.colcon_core.package_identification:_identify(src/usb_bulk_node) by extensions ['ros']
[0.327s] Level 1:colcon.colcon_core.package_identification:_identify(src/usb_bulk_node) by extension 'ros'
[0.329s] DEBUG:colcon.colcon_core.package_identification:Package 'src/usb_bulk_node' with type 'ros.ament_cmake' and name 'usb_bulk_node'
[0.329s] Level 1:colcon.colcon_core.package_identification:_identify(src/visual_USB) by extensions ['ignore', 'ignore_ament_install']
[0.329s] Level 1:colcon.colcon_core.package_identification:_identify(src/visual_USB) by extension 'ignore'
[0.329s] Level 1:colcon.colcon_core.package_identification:_identify(src/visual_USB) by extension 'ignore_ament_install'
[0.329s] Level 1:colcon.colcon_core.package_identification:_identify(src/visual_USB) by extensions ['colcon_pkg']
[0.329s] Level 1:colcon.colcon_core.package_identification:_identify(src/visual_USB) by extension 'colcon_pkg'
[0.329s] Level 1:colcon.colcon_core.package_identification:_identify(src/visual_USB) by extensions ['colcon_meta']
[0.329s] Level 1:colcon.colcon_core.package_identification:_identify(src/visual_USB) by extension 'colcon_meta'
[0.329s] Level 1:colcon.colcon_core.package_identification:_identify(src/visual_USB) by extensions ['ros']
[0.329s] Level 1:colcon.colcon_core.package_identification:_identify(src/visual_USB) by extension 'ros'
[0.329s] DEBUG:colcon.colcon_core.package_identification:Package 'src/visual_USB' with type 'ros.ament_python' and name 'visual_USB'
[0.329s] Level 1:colcon.colcon_core.package_identification:_identify(udev) by extensions ['ignore', 'ignore_ament_install']
[0.329s] Level 1:colcon.colcon_core.package_identification:_identify(udev) by extension 'ignore'
[0.329s] Level 1:colcon.colcon_core.package_identification:_identify(udev) by extension 'ignore_ament_install'
[0.329s] Level 1:colcon.colcon_core.package_identification:_identify(udev) by extensions ['colcon_pkg']
[0.329s] Level 1:colcon.colcon_core.package_identification:_identify(udev) by extension 'colcon_pkg'
[0.329s] Level 1:colcon.colcon_core.package_identification:_identify(udev) by extensions ['colcon_meta']
[0.329s] Level 1:colcon.colcon_core.package_identification:_identify(udev) by extension 'colcon_meta'
[0.329s] Level 1:colcon.colcon_core.package_identification:_identify(udev) by extensions ['ros']
[0.329s] Level 1:colcon.colcon_core.package_identification:_identify(udev) by extension 'ros'
[0.330s] Level 1:colcon.colcon_core.package_identification:_identify(udev) by extensions ['cmake', 'python']
[0.330s] Level 1:colcon.colcon_core.package_identification:_identify(udev) by extension 'cmake'
[0.330s] Level 1:colcon.colcon_core.package_identification:_identify(udev) by extension 'python'
[0.330s] Level 1:colcon.colcon_core.package_identification:_identify(udev) by extensions ['python_setup_py']
[0.330s] Level 1:colcon.colcon_core.package_identification:_identify(udev) by extension 'python_setup_py'
[0.330s] Level 1:colcon.colcon_core.package_discovery:discover_packages(recursive) using defaults
[0.330s] Level 1:colcon.colcon_core.package_discovery:discover_packages(ignore) discover
[0.330s] Level 1:colcon.colcon_core.package_discovery:discover_packages(ignore) using defaults
[0.330s] Level 1:colcon.colcon_core.package_discovery:discover_packages(path) discover
[0.330s] Level 1:colcon.colcon_core.package_discovery:discover_packages(path) using defaults
[0.342s] Level 1:colcon.colcon_core.package_discovery:discover_packages(prefix_path) check parameters
[0.342s] Level 1:colcon.colcon_core.package_discovery:discover_packages(prefix_path) discover
[0.344s] DEBUG:colcon.colcon_installed_package_information.package_discovery:Found 271 installed packages in /opt/ros/humble
[0.360s] Level 1:colcon.colcon_core.package_discovery:discover_packages(prefix_path) using defaults
[0.377s] Level 5:colcon.colcon_core.verb:set package 'usb_bulk_node' build argument 'cmake_args' from command line to 'None'
[0.377s] Level 5:colcon.colcon_core.verb:set package 'usb_bulk_node' build argument 'cmake_target' from command line to 'None'
[0.377s] Level 5:colcon.colcon_core.verb:set package 'usb_bulk_node' build argument 'cmake_target_skip_unavailable' from command line to 'False'
[0.377s] Level 5:colcon.colcon_core.verb:set package 'usb_bulk_node' build argument 'cmake_clean_cache' from command line to 'False'
[0.377s] Level 5:colcon.colcon_core.verb:set package 'usb_bulk_node' build argument 'cmake_clean_first' from command line to 'False'
[0.377s] Level 5:colcon.colcon_core.verb:set package 'usb_bulk_node' build argument 'cmake_force_configure' from command line to 'False'
[0.377s] Level 5:colcon.colcon_core.verb:set package 'usb_bulk_node' build argument 'ament_cmake_args' from command line to 'None'
[0.377s] Level 5:colcon.colcon_core.verb:set package 'usb_bulk_node' build argument 'catkin_cmake_args' from command line to 'None'
[0.377s] Level 5:colcon.colcon_core.verb:set package 'usb_bulk_node' build argument 'catkin_skip_building_tests' from command line to 'False'
[0.377s] DEBUG:colcon.colcon_core.verb:Building package 'usb_bulk_node' with the following arguments: {'ament_cmake_args': None, 'build_base': '/home/jienan/visual_USB/build/usb_bulk_node', 'catkin_cmake_args': None, 'catkin_skip_building_tests': False, 'cmake_args': None, 'cmake_clean_cache': False, 'cmake_clean_first': False, 'cmake_force_configure': False, 'cmake_target': None, 'cmake_target_skip_unavailable': False, 'install_base': '/home/jienan/visual_USB/install/usb_bulk_node', 'merge_install': False, 'path': '/home/jienan/visual_USB/src/usb_bulk_node', 'symlink_install': True, 'test_result_base': None}
[0.378s] Level 5:colcon.colcon_core.verb:set package 'visual_USB' build argument 'cmake_args' from command line to 'None'
[0.378s] Level 5:colcon.colcon_core.verb:set package 'visual_USB' build argument 'cmake_target' from command line to 'None'
[0.378s] Level 5:colcon.colcon_core.verb:set package 'visual_USB' build argument 'cmake_target_skip_unavailable' from command line to 'False'
[0.378s] Level 5:colcon.colcon_core.verb:set package 'visual_USB' build argument 'cmake_clean_cache' from command line to 'False'
[0.378s] Level 5:colcon.colcon_core.verb:set package 'visual_USB' build argument 'cmake_clean_first' from command line to 'False'
[0.378s] Level 5:colcon.colcon_core.verb:set package 'visual_USB' build argument 'cmake_force_configure' from command line to 'False'
[0.378s] Level 5:colcon.colcon_core.verb:set package 'visual_USB' build argument 'ament_cmake_args' from command line to 'None'
[0.378s] Level 5:colcon.colcon_core.verb:set package 'visual_USB' build argument 'catkin_cmake_args' from command line to 'None'
[0.378s] Level 5:colcon.colcon_core.verb:set package 'visual_USB' build argument 'catkin_skip_building_tests' from command line to 'False'
[0.378s] DEBUG:colcon.colcon_core.verb:Building package 'visual_USB' with the following arguments: {'ament_cmake_args': None, 'build_base': '/home/jienan/visual_USB/build/visual_USB', 'catkin_cmake_args': None, 'catkin_skip_building_tests': False, 'cmake_args': None, 'cmake_clean_cache': False, 'cmake_clean_first': False, 'cmake_force_configure': False, 'cmake_target': None, 'cmake_target_skip_unavailable': False, 'install_base': '/home/jienan/visual_USB/install/visual_USB', 'merge_install': False, 'path': '/home/jienan/visual_USB/src/visual_USB', 'symlink_install': True, 'test_result_base': None}
[0.378s] INFO:colcon.colcon_core.executor:Executing jobs using 'parallel' executor
[0.378s] DEBUG:colcon.colcon_parallel_executor.executor.parallel:run_until_complete
[0.378s] INFO:colcon.colcon_ros.task.ament_cmake.build:Building ROS package in '/home/jienan/visual_USB/src/usb_bulk_node' with build type 'ament_cmake'
[0.378s] INFO:colcon.colcon_cmake.task.cmake.build:Building CMake package in '/home/jienan/visual_USB/src/usb_bulk_node'
[0.380s] INFO:colcon.colcon_core.plugin_system:Skipping extension 'colcon_core.shell.bat': Not used on non-Windows systems
[0.380s] INFO:colcon.colcon_core.shell:Skip shell extension 'powershell' for command environment: Not usable outside of PowerShell
[0.380s] DEBUG:colcon.colcon_core.shell:Skip shell extension 'dsv' for command environment
[0.382s] INFO:colcon.colcon_ros.task.ament_python.build:Building ROS package in '/home/jienan/visual_USB/src/visual_USB' with build type 'ament_python'
[0.382s] Level 1:colcon.colcon_core.shell:create_environment_hook('visual_USB', 'ament_prefix_path')
[0.382s] INFO:colcon.colcon_core.shell:Creating environment hook '/home/jienan/visual_USB/install/visual_USB/share/visual_USB/hook/ament_prefix_path.ps1'
[0.382s] INFO:colcon.colcon_core.shell:Creating environment descriptor '/home/jienan/visual_USB/install/visual_USB/share/visual_USB/hook/ament_prefix_path.dsv'
[0.383s] INFO:colcon.colcon_core.shell:Creating environment hook '/home/jienan/visual_USB/install/visual_USB/share/visual_USB/hook/ament_prefix_path.sh'
[0.383s] INFO:colcon.colcon_core.shell:Skip shell extension 'powershell' for command environment: Not usable outside of PowerShell
[0.383s] DEBUG:colcon.colcon_core.shell:Skip shell extension 'dsv' for command environment
[0.393s] DEBUG:colcon.colcon_core.event_handler.log_command:Invoking command in '/home/jienan/visual_USB/build/usb_bulk_node': CMAKE_PREFIX_PATH=/opt/ros/humble /usr/bin/cmake /home/jienan/visual_USB/src/usb_bulk_node -DAMENT_CMAKE_SYMLINK_INSTALL=1 -DCMAKE_INSTALL_PREFIX=/home/jienan/visual_USB/install/usb_bulk_node
[0.573s] INFO:colcon.colcon_core.task.python.build:Building Python package in '/home/jienan/visual_USB/src/visual_USB'
[0.573s] INFO:colcon.colcon_core.shell:Skip shell extension 'powershell' for command environment: Not usable outside of PowerShell
[0.573s] DEBUG:colcon.colcon_core.shell:Skip shell extension 'dsv' for command environment
[0.813s] DEBUG:colcon.colcon_core.event_handler.log_command:Invoking command in '/home/jienan/visual_USB/build/visual_USB': PYTHONPATH=/home/jienan/visual_USB/build/visual_USB/prefix_override:/usr/lib/python3/dist-packages/colcon_core/task/python/colcon_distutils_commands:/home/jienan/visual_USB/install/visual_USB/lib/python3.10/site-packages:${PYTHONPATH} /usr/bin/python3 -W ignore:setup.py install is deprecated -W ignore:easy_install command is deprecated setup.py develop --editable --build-directory /home/jienan/visual_USB/build/visual_USB/build --no-deps symlink_data
[1.158s] Level 1:colcon.colcon_core.shell:create_environment_hook('visual_USB', 'pythonpath_develop')
[1.158s] INFO:colcon.colcon_core.shell:Creating environment hook '/home/jienan/visual_USB/build/visual_USB/share/visual_USB/hook/pythonpath_develop.ps1'
[1.159s] DEBUG:colcon.colcon_core.event_handler.log_command:Invoked command in '/home/jienan/visual_USB/build/visual_USB' returned '0': PYTHONPATH=/home/jienan/visual_USB/build/visual_USB/prefix_override:/usr/lib/python3/dist-packages/colcon_core/task/python/colcon_distutils_commands:/home/jienan/visual_USB/install/visual_USB/lib/python3.10/site-packages:${PYTHONPATH} /usr/bin/python3 -W ignore:setup.py install is deprecated -W ignore:easy_install command is deprecated setup.py develop --editable --build-directory /home/jienan/visual_USB/build/visual_USB/build --no-deps symlink_data
[1.159s] INFO:colcon.colcon_core.shell:Creating environment descriptor '/home/jienan/visual_USB/build/visual_USB/share/visual_USB/hook/pythonpath_develop.dsv'
[1.160s] INFO:colcon.colcon_core.shell:Creating environment hook '/home/jienan/visual_USB/build/visual_USB/share/visual_USB/hook/pythonpath_develop.sh'
[1.164s] Level 1:colcon.colcon_core.environment:checking '/home/jienan/visual_USB/install/visual_USB' for CMake module files
[1.164s] Level 1:colcon.colcon_core.environment:checking '/home/jienan/visual_USB/install/visual_USB' for CMake config files
[1.164s] Level 1:colcon.colcon_core.environment:checking '/home/jienan/visual_USB/install/visual_USB/lib'
[1.164s] Level 1:colcon.colcon_core.environment:checking '/home/jienan/visual_USB/install/visual_USB/bin'
[1.164s] Level 1:colcon.colcon_core.environment:checking '/home/jienan/visual_USB/install/visual_USB/lib/pkgconfig/visual_USB.pc'
[1.165s] Level 1:colcon.colcon_core.environment:checking '/home/jienan/visual_USB/install/visual_USB/lib/python3.10/site-packages'
[1.165s] Level 1:colcon.colcon_core.shell:create_environment_hook('visual_USB', 'pythonpath')
[1.165s] INFO:colcon.colcon_core.shell:Creating environment hook '/home/jienan/visual_USB/install/visual_USB/share/visual_USB/hook/pythonpath.ps1'
[1.165s] INFO:colcon.colcon_core.shell:Creating environment descriptor '/home/jienan/visual_USB/install/visual_USB/share/visual_USB/hook/pythonpath.dsv'
[1.165s] INFO:colcon.colcon_core.shell:Creating environment hook '/home/jienan/visual_USB/install/visual_USB/share/visual_USB/hook/pythonpath.sh'
[1.165s] Level 1:colcon.colcon_core.environment:checking '/home/jienan/visual_USB/install/visual_USB/bin'
[1.165s] Level 1:colcon.colcon_core.environment:create_environment_scripts_only(visual_USB)
[1.166s] INFO:colcon.colcon_core.shell:Creating package script '/home/jienan/visual_USB/install/visual_USB/share/visual_USB/package.ps1'
[1.166s] INFO:colcon.colcon_core.shell:Creating package descriptor '/home/jienan/visual_USB/install/visual_USB/share/visual_USB/package.dsv'
[1.167s] INFO:colcon.colcon_core.shell:Creating package script '/home/jienan/visual_USB/install/visual_USB/share/visual_USB/package.sh'
[1.168s] INFO:colcon.colcon_core.shell:Creating package script '/home/jienan/visual_USB/install/visual_USB/share/visual_USB/package.bash'
[1.168s] INFO:colcon.colcon_core.shell:Creating package script '/home/jienan/visual_USB/install/visual_USB/share/visual_USB/package.zsh'
[1.169s] Level 1:colcon.colcon_core.environment:create_file_with_runtime_dependencies(/home/jienan/visual_USB/install/visual_USB/share/colcon-core/packages/visual_USB)
[1.556s] DEBUG:colcon.colcon_core.event_handler.log_command:Invoked command in '/home/jienan/visual_USB/build/usb_bulk_node' returned '0': CMAKE_PREFIX_PATH=/opt/ros/humble /usr/bin/cmake /home/jienan/visual_USB/src/usb_bulk_node -DAMENT_CMAKE_SYMLINK_INSTALL=1 -DCMAKE_INSTALL_PREFIX=/home/jienan/visual_USB/install/usb_bulk_node
[1.557s] DEBUG:colcon.colcon_core.event_handler.log_command:Invoking command in '/home/jienan/visual_USB/build/usb_bulk_node': CMAKE_PREFIX_PATH=/opt/ros/humble /usr/bin/cmake --build /home/jienan/visual_USB/build/usb_bulk_node -- -j24 -l24
[11.144s] DEBUG:colcon.colcon_core.event_handler.log_command:Invoked command in '/home/jienan/visual_USB/build/usb_bulk_node' returned '0': CMAKE_PREFIX_PATH=/opt/ros/humble /usr/bin/cmake --build /home/jienan/visual_USB/build/usb_bulk_node -- -j24 -l24
[11.159s] DEBUG:colcon.colcon_core.event_handler.log_command:Invoking command in '/home/jienan/visual_USB/build/usb_bulk_node': CMAKE_PREFIX_PATH=/opt/ros/humble /usr/bin/cmake --install /home/jienan/visual_USB/build/usb_bulk_node
[11.428s] Level 1:colcon.colcon_core.environment:create_environment_scripts_only(usb_bulk_node)
[11.429s] Level 1:colcon.colcon_core.environment:checking '/home/jienan/visual_USB/install/usb_bulk_node' for CMake module files
[11.429s] DEBUG:colcon.colcon_core.event_handler.log_command:Invoked command in '/home/jienan/visual_USB/build/usb_bulk_node' returned '0': CMAKE_PREFIX_PATH=/opt/ros/humble /usr/bin/cmake --install /home/jienan/visual_USB/build/usb_bulk_node
[11.430s] Level 1:colcon.colcon_core.environment:checking '/home/jienan/visual_USB/install/usb_bulk_node' for CMake config files
[11.430s] Level 1:colcon.colcon_core.shell:create_environment_hook('usb_bulk_node', 'cmake_prefix_path')
[11.430s] INFO:colcon.colcon_core.shell:Creating environment hook '/home/jienan/visual_USB/install/usb_bulk_node/share/usb_bulk_node/hook/cmake_prefix_path.ps1'
[11.431s] INFO:colcon.colcon_core.shell:Creating environment descriptor '/home/jienan/visual_USB/install/usb_bulk_node/share/usb_bulk_node/hook/cmake_prefix_path.dsv'
[11.431s] INFO:colcon.colcon_core.shell:Creating environment hook '/home/jienan/visual_USB/install/usb_bulk_node/share/usb_bulk_node/hook/cmake_prefix_path.sh'
[11.432s] Level 1:colcon.colcon_core.environment:checking '/home/jienan/visual_USB/install/usb_bulk_node/lib'
[11.432s] Level 1:colcon.colcon_core.environment:checking '/home/jienan/visual_USB/install/usb_bulk_node/bin'
[11.432s] Level 1:colcon.colcon_core.environment:checking '/home/jienan/visual_USB/install/usb_bulk_node/lib/pkgconfig/usb_bulk_node.pc'
[11.432s] Level 1:colcon.colcon_core.environment:checking '/home/jienan/visual_USB/install/usb_bulk_node/lib/python3.10/site-packages'
[11.432s] Level 1:colcon.colcon_core.environment:checking '/home/jienan/visual_USB/install/usb_bulk_node/bin'
[11.433s] INFO:colcon.colcon_core.shell:Creating package script '/home/jienan/visual_USB/install/usb_bulk_node/share/usb_bulk_node/package.ps1'
[11.433s] INFO:colcon.colcon_core.shell:Creating package descriptor '/home/jienan/visual_USB/install/usb_bulk_node/share/usb_bulk_node/package.dsv'
[11.434s] INFO:colcon.colcon_core.shell:Creating package script '/home/jienan/visual_USB/install/usb_bulk_node/share/usb_bulk_node/package.sh'
[11.434s] INFO:colcon.colcon_core.shell:Creating package script '/home/jienan/visual_USB/install/usb_bulk_node/share/usb_bulk_node/package.bash'
[11.434s] INFO:colcon.colcon_core.shell:Creating package script '/home/jienan/visual_USB/install/usb_bulk_node/share/usb_bulk_node/package.zsh'
[11.435s] Level 1:colcon.colcon_core.environment:create_file_with_runtime_dependencies(/home/jienan/visual_USB/install/usb_bulk_node/share/colcon-core/packages/usb_bulk_node)
[11.435s] Level 1:colcon.colcon_core.environment:create_environment_scripts_only(usb_bulk_node)
[11.436s] Level 1:colcon.colcon_core.environment:checking '/home/jienan/visual_USB/install/usb_bulk_node' for CMake module files
[11.436s] Level 1:colcon.colcon_core.environment:checking '/home/jienan/visual_USB/install/usb_bulk_node' for CMake config files
[11.437s] Level 1:colcon.colcon_core.shell:create_environment_hook('usb_bulk_node', 'cmake_prefix_path')
[11.437s] INFO:colcon.colcon_core.shell:Creating environment hook '/home/jienan/visual_USB/install/usb_bulk_node/share/usb_bulk_node/hook/cmake_prefix_path.ps1'
[11.438s] INFO:colcon.colcon_core.shell:Creating environment descriptor '/home/jienan/visual_USB/install/usb_bulk_node/share/usb_bulk_node/hook/cmake_prefix_path.dsv'
[11.438s] INFO:colcon.colcon_core.shell:Creating environment hook '/home/jienan/visual_USB/install/usb_bulk_node/share/usb_bulk_node/hook/cmake_prefix_path.sh'
[11.439s] Level 1:colcon.colcon_core.environment:checking '/home/jienan/visual_USB/install/usb_bulk_node/lib'
[11.439s] Level 1:colcon.colcon_core.environment:checking '/home/jienan/visual_USB/install/usb_bulk_node/bin'
[11.439s] Level 1:colcon.colcon_core.environment:checking '/home/jienan/visual_USB/install/usb_bulk_node/lib/pkgconfig/usb_bulk_node.pc'
[11.439s] Level 1:colcon.colcon_core.environment:checking '/home/jienan/visual_USB/install/usb_bulk_node/lib/python3.10/site-packages'
[11.440s] Level 1:colcon.colcon_core.environment:checking '/home/jienan/visual_USB/install/usb_bulk_node/bin'
[11.440s] INFO:colcon.colcon_core.shell:Creating package script '/home/jienan/visual_USB/install/usb_bulk_node/share/usb_bulk_node/package.ps1'
[11.441s] INFO:colcon.colcon_core.shell:Creating package descriptor '/home/jienan/visual_USB/install/usb_bulk_node/share/usb_bulk_node/package.dsv'
[11.441s] INFO:colcon.colcon_core.shell:Creating package script '/home/jienan/visual_USB/install/usb_bulk_node/share/usb_bulk_node/package.sh'
[11.442s] INFO:colcon.colcon_core.shell:Creating package script '/home/jienan/visual_USB/install/usb_bulk_node/share/usb_bulk_node/package.bash'
[11.442s] INFO:colcon.colcon_core.shell:Creating package script '/home/jienan/visual_USB/install/usb_bulk_node/share/usb_bulk_node/package.zsh'
[11.443s] Level 1:colcon.colcon_core.environment:create_file_with_runtime_dependencies(/home/jienan/visual_USB/install/usb_bulk_node/share/colcon-core/packages/usb_bulk_node)
[11.443s] DEBUG:colcon.colcon_parallel_executor.executor.parallel:closing loop
[11.443s] DEBUG:colcon.colcon_parallel_executor.executor.parallel:loop closed
[11.443s] DEBUG:colcon.colcon_parallel_executor.executor.parallel:run_until_complete finished with '0'
[11.444s] DEBUG:colcon.colcon_core.event_reactor:joining thread
[11.451s] INFO:colcon.colcon_core.plugin_system:Skipping extension 'colcon_notification.desktop_notification.terminal_notifier': Not used on non-Darwin systems
[11.451s] INFO:colcon.colcon_core.plugin_system:Skipping extension 'colcon_notification.desktop_notification.win32': Not used on non-Windows systems
[11.451s] INFO:colcon.colcon_notification.desktop_notification:Sending desktop notification using 'notify2'
[11.469s] DEBUG:colcon.colcon_core.event_reactor:joined thread
[11.470s] INFO:colcon.colcon_core.shell:Creating prefix script '/home/jienan/visual_USB/install/local_setup.ps1'
[11.471s] INFO:colcon.colcon_core.shell:Creating prefix util module '/home/jienan/visual_USB/install/_local_setup_util_ps1.py'
[11.472s] INFO:colcon.colcon_core.shell:Creating prefix chain script '/home/jienan/visual_USB/install/setup.ps1'
[11.473s] INFO:colcon.colcon_core.shell:Creating prefix script '/home/jienan/visual_USB/install/local_setup.sh'
[11.473s] INFO:colcon.colcon_core.shell:Creating prefix util module '/home/jienan/visual_USB/install/_local_setup_util_sh.py'
[11.474s] INFO:colcon.colcon_core.shell:Creating prefix chain script '/home/jienan/visual_USB/install/setup.sh'
[11.474s] INFO:colcon.colcon_core.shell:Creating prefix script '/home/jienan/visual_USB/install/local_setup.bash'
[11.475s] INFO:colcon.colcon_core.shell:Creating prefix chain script '/home/jienan/visual_USB/install/setup.bash'
[11.475s] INFO:colcon.colcon_core.shell:Creating prefix script '/home/jienan/visual_USB/install/local_setup.zsh'
[11.476s] INFO:colcon.colcon_core.shell:Creating prefix chain script '/home/jienan/visual_USB/install/setup.zsh'
